build/platforms/android/build/outputs/mapping/release/seeds.txt
com.supertrean.game.MainActivity
com.supertrean.game.MainActivity: MainActivity()
...
androidx.appcompat.view.menu.ActionMenuItemView: androidx.appcompat.view.menu.MenuItemImpl getItemData()
com.soywiz.korag.AG$DrawType: com.soywiz.korag.AG$DrawType[] values()
com.soywiz.korev.DropFileEvent$Type: com.soywiz.korev.DropFileEvent$Type[] values()
androidx.appcompat.widget.ScrollingTabContainerView: void setAllowCollapse(boolean)
com.soywiz.korma.geom.vector.Winding: com.soywiz.korma.geom.vector.Winding valueOf(java.lang.String)
androidx.appcompat.widget.ActionBarContainer: android.view.View getTabContainer()
kotlin.coroutines.AbstractCoroutineContextElement: kotlin.coroutines.CoroutineContext plus(kotlin.coroutines.CoroutineContext)
androidx.appcompat.widget.ActionBarOverlayLayout: void setOverlayMode(boolean)
androidx.appcompat.widget.AppCompatTextView: void setPrecomputedText(androidx.core.text.PrecomputedTextCompat)
androidx.appcompat.widget.Toolbar: int getContentInsetStartWithNavigation()
com.soywiz.korev.MouseEvent$ScrollDeltaMode: com.soywiz.korev.MouseEvent$ScrollDeltaMode[] values()
androidx.appcompat.widget.AppCompatTextView: void setSupportBackgroundTintMode(android.graphics.PorterDuff$Mode)
kotlin.coroutines.intrinsics.CoroutineSingletons: kotlin.coroutines.intrinsics.CoroutineSingletons valueOf(java.lang.String)
com.soywiz.korev.MouseButton: com.soywiz.korev.MouseButton valueOf(java.lang.String)
androidx.vectordrawable.graphics.drawable.VectorDrawableCompat$VGroup: void setScaleY(float)
androidx.appcompat.widget.Toolbar: int getCurrentContentInsetRight()
androidx.vectordrawable.graphics.drawable.VectorDrawableCompat$VGroup: void setScaleX(float)
androidx.appcompat.widget.Toolbar: android.graphics.drawable.Drawable getLogo()
androidx.appcompat.widget.AppCompatTextView: android.graphics.PorterDuff$Mode getSupportBackgroundTintMode()
androidx.appcompat.widget.AppCompatTextView: int getAutoSizeMaxTextSize()
com.soywiz.korev.GameButton: com.soywiz.korev.GameButton[] values()
androidx.core.graphics.drawable.IconCompat: IconCompat()
com.soywiz.korag.AG$FrontFace: com.soywiz.korag.AG$FrontFace[] values()
androidx.appcompat.widget.Toolbar: int getCurrentContentInsetStart()
androidx.vectordrawable.graphics.drawable.VectorDrawableCompat$VFullPath: float getTrimPathStart()
androidx.appcompat.widget.ActionMenuView: android.view.Menu getMenu()
androidx.appcompat.widget.Toolbar: int getTitleMarginStart()
androidx.vectordrawable.graphics.drawable.VectorDrawableCompat$VGroup: float getScaleX()
androidx.appcompat.widget.AppCompatImageView: void setBackgroundResource(int)
androidx.appcompat.widget.AppCompatImageButton: android.content.res.ColorStateList getSupportBackgroundTintList()
androidx.core.app.CoreComponentFactory: CoreComponentFactory()
androidx.appcompat.widget.AppCompatSpinner: void setAdapter(android.widget.Adapter)
androidx.appcompat.widget.Toolbar: android.view.MenuInflater getMenuInflater()
com.soywiz.korag.AG$StencilOp: com.soywiz.korag.AG$StencilOp valueOf(java.lang.String)
androidx.appcompat.widget.Toolbar: androidx.appcompat.widget.DecorToolbar getWrapper()
androidx.vectordrawable.graphics.drawable.VectorDrawableCompat$VFullPath: void setFillAlpha(float)
androidx.appcompat.widget.Toolbar: void setTitle(int)
com.soywiz.korim.format.ImageAnimation$Direction: com.soywiz.korim.format.ImageAnimation$Direction[] values()
androidx.appcompat.widget.AppCompatTextView: void setLineHeight(int)
com.soywiz.korge.view.BlendMode: com.soywiz.korge.view.BlendMode[] values()
com.soywiz.korev.GameButton: com.soywiz.korev.GameButton valueOf(java.lang.String)
androidx.vectordrawable.graphics.drawable.VectorDrawableCompat$VFullPath: void setTrimPathOffset(float)
com.soywiz.korag.AG$Buffer$Kind: com.soywiz.korag.AG$Buffer$Kind valueOf(java.lang.String)
androidx.appcompat.widget.ActionMenuView: void setPresenter(androidx.appcompat.widget.ActionMenuPresenter)
kotlinx.coroutines.android.AndroidDispatcherFactory: java.lang.String hintOnError()
com.soywiz.klogger.AnsiEscape$Color: com.soywiz.klogger.AnsiEscape$Color[] values()