build/platforms/android/build/outputs/mapping/release/mapping.txt
# compiler: R8
# compiler_version: 3.0.73
# min_api: 16
# pg_map_id: d5e3174
# common_typos_disable
...
Scene2$sceneInit$$inlined$onClick$1 -> g$a:
    Scene2$sceneInit$$inlined$onClick$1 INSTANCE -> n
    1:1:com.soywiz.korio.async.Signal com.soywiz.korge.input.MouseEvents.getClick():0:0 -> get
    1:1:java.lang.Object get(java.lang.Object):0 -> get
Scene2$sceneInit$$inlined$onClick$2 -> g$b:
    kotlin.jvm.functions.Function2 $handler -> j
    com.soywiz.korge.input.MouseEvents $mouse -> i
    1:1:void invoke(com.soywiz.korge.input.MouseEvents):0:0 -> n
    1:1:java.lang.Object invoke(java.lang.Object):0 -> n
    2:2:java.lang.Object invoke(java.lang.Object):0:0 -> n
Scene2$sceneInit$$inlined$onClick$2$1 -> h:
    com.soywiz.korge.input.MouseEvents $it -> n
    int label -> l
    kotlin.jvm.functions.Function2 $handler -> m
    kotlin.coroutines.Continuation create(kotlin.coroutines.Continuation) -> i
    1:1:kotlin.coroutines.Continuation create(kotlin.coroutines.Continuation):0:0 -> n
    1:1:java.lang.Object invoke(kotlin.coroutines.Continuation):0 -> n
    1:1:java.lang.Object invoke(java.lang.Object):0 -> n
    2:2:java.lang.Object invoke(kotlin.coroutines.Continuation):0:0 -> n
    2:2:java.lang.Object invoke(java.lang.Object):0 -> n
    java.lang.Object invokeSuspend(java.lang.Object) -> s
Scene2$sceneInit$$inlined$onClick$3 -> g$c:
    Scene2$sceneInit$$inlined$onClick$3 INSTANCE -> n
    1:1:com.soywiz.korio.async.Signal com.soywiz.korge.input.MouseEvents.getClick():0:0 -> get
    1:1:java.lang.Object get(java.lang.Object):0 -> get
Scene2$sceneInit$$inlined$onClick$4 -> g$d:
    kotlin.jvm.functions.Function2 $handler -> j
    com.soywiz.korge.input.MouseEvents $mouse -> i
    1:1:void invoke(com.soywiz.korge.input.MouseEvents):0:0 -> n
    1:1:java.lang.Object invoke(java.lang.Object):0 -> n
    2:2:java.lang.Object invoke(java.lang.Object):0:0 -> n
Scene2$sceneInit$$inlined$onClick$4$1 -> i:
    com.soywiz.korge.input.MouseEvents $it -> n
    int label -> l
    kotlin.jvm.functions.Function2 $handler -> m
    kotlin.coroutines.Continuation create(kotlin.coroutines.Continuation) -> i
    1:1:kotlin.coroutines.Continuation create(kotlin.coroutines.Continuation):0:0 -> n
    1:1:java.lang.Object invoke(kotlin.coroutines.Continuation):0 -> n
    1:1:java.lang.Object invoke(java.lang.Object):0 -> n
    2:2:java.lang.Object invoke(kotlin.coroutines.Continuation):0:0 -> n
    2:2:java.lang.Object invoke(java.lang.Object):0 -> n
    java.lang.Object invokeSuspend(java.lang.Object) -> s
Scene2$sceneInit$1 -> g$g:
    java.lang.Object L$0 -> k
    Scene2 this$0 -> u
    java.lang.Object result -> t
    java.lang.Object L$7 -> r
    int label -> v
    java.lang.Object L$8 -> s
    java.lang.Object L$5 -> p
    java.lang.Object L$6 -> q
    java.lang.Object L$3 -> n
    java.lang.Object L$4 -> o
    java.lang.Object L$1 -> l
    java.lang.Object L$2 -> m
    java.lang.Object invokeSuspend(java.lang.Object) -> s
Scene2$sceneInit$10 -> g$e:
    kotlin.jvm.internal.Ref$BooleanRef $dogAlive -> m
    int label -> l
    com.soywiz.korge.view.Container $this_sceneInit -> o
    com.soywiz.korge.view.Sprite $dog -> n
    kotlin.coroutines.Continuation create(java.lang.Object,kotlin.coroutines.Continuation) -> a
    1:1:kotlin.coroutines.Continuation create(java.lang.Object,kotlin.coroutines.Continuation):0:0 -> h
    1:1:java.lang.Object invoke(com.soywiz.korge.input.MouseEvents,kotlin.coroutines.Continuation):0 -> h
    1:1:java.lang.Object invoke(java.lang.Object,java.lang.Object):0 -> h
    2:2:java.lang.Object invoke(com.soywiz.korge.input.MouseEvents,kotlin.coroutines.Continuation):0:0 -> h
    2:2:java.lang.Object invoke(java.lang.Object,java.lang.Object):0 -> h
    1:1:double com.soywiz.korge.view.View.getY():0:0 -> s
    1:1:java.lang.Object invokeSuspend(java.lang.Object):0 -> s
    2:2:java.lang.Object invokeSuspend(java.lang.Object):0:0 -> s