build/platforms/android/build/outputs/mapping/release/usage.txt
com.supertrean.game.BuildConfig
com.supertrean.game.R$anim
com.supertrean.game.R$attr
com.supertrean.game.R$bool
com.supertrean.game.R$color
com.supertrean.game.R$dimen
com.supertrean.game.R$drawable
com.supertrean.game.R$id
com.supertrean.game.R$integer
com.supertrean.game.R$layout
com.supertrean.game.R$mipmap
com.supertrean.game.R$string
com.supertrean.game.R$style
com.supertrean.game.R$styleable
com.supertrean.game.R
com.supertrean.game.MainActivity:
    public java.lang.Object activityMain(kotlin.coroutines.Continuation)
...
org.jetbrains.annotations.NotNull
org.jetbrains.annotations.Nullable
org.jetbrains.annotations.PropertyKey
org.jetbrains.annotations.TestOnly
ConfigModule$configure$2:
    public int label
    public final java.lang.Object invoke(com.soywiz.korinject.AsyncInjector,kotlin.coroutines.Continuation)
ConfigModule$configure$3:
    public int label
    public final java.lang.Object invoke(com.soywiz.korinject.AsyncInjector,kotlin.coroutines.Continuation)
ConfigModule$configure$4:
    public int label
    public final java.lang.Object invoke(com.soywiz.korinject.AsyncInjector,kotlin.coroutines.Continuation)
ConfigModule$configure$5:
    public int label
    public final java.lang.Object invoke(com.soywiz.korinject.AsyncInjector,kotlin.coroutines.Continuation)
ConfigModule:
    public kotlin.reflect.KClass getMainScene()
Industrial$sceneInit$2$1:
    public final java.lang.Object invoke(com.soywiz.korge.time.FrameBlock,kotlin.coroutines.Continuation)
Industrial$sceneInit$2:
    public final java.lang.Object invoke(kotlin.coroutines.Continuation)
MainKt$$IA$2
MainKt$$IA$3
MainKt:
    public static final int Animation_AppCompat_Tooltip$androidx$appcompat$R$style
    public static final int Theme_AppCompat_Light$androidx$appcompat$R$style
    public static final int abc_ab_share_pack_mtrl_alpha$androidx$appcompat$R$drawable
    public static final int abc_action_bar_embed_tabs$androidx$appcompat$R$bool
    public static final int abc_action_bar_stacked_max_height$androidx$appcompat$R$dimen
    public static final int abc_action_bar_stacked_tab_max_width$androidx$appcompat$R$dimen
    public static final int abc_action_bar_title_item$androidx$appcompat$R$layout
    public static final int abc_action_bar_up_description$androidx$appcompat$R$string
    public static final int abc_action_menu_item_layout$androidx$appcompat$R$layout
    public static final int abc_action_menu_layout$androidx$appcompat$R$layout
    public static final int abc_action_mode_close_item_material$androidx$appcompat$R$layout
    public static final int abc_btn_borderless_material$androidx$appcompat$R$drawable
    public static final int abc_btn_check_material$androidx$appcompat$R$drawable
    public static final int abc_btn_colored_material$androidx$appcompat$R$drawable
    public static final int abc_btn_default_mtrl_shape$androidx$appcompat$R$drawable
    public static final int abc_btn_radio_material$androidx$appcompat$R$drawable
    public static final int abc_cab_background_internal_bg$androidx$appcompat$R$drawable
Scene1$sceneInit$$inlined$onClick$2$1:
    public final java.lang.Object invoke(kotlin.coroutines.Continuation)
Scene1$sceneInit$$inlined$onClick$2:
    public final void invoke(com.soywiz.korge.input.MouseEvents)
Scene1$sceneInit$2:
    public final java.lang.Object invoke(com.soywiz.korge.input.MouseEvents,kotlin.coroutines.Continuation)
Scene2$sceneInit$$inlined$onClick$2$1:
    public final java.lang.Object invoke(kotlin.coroutines.Continuation)
Scene2$sceneInit$$inlined$onClick$2:
    public final void invoke(com.soywiz.korge.input.MouseEvents)
Scene2$sceneInit$$inlined$onClick$4$1:
    public final java.lang.Object invoke(kotlin.coroutines.Continuation)
Scene2$sceneInit$$inlined$onClick$4:
    public final void invoke(com.soywiz.korge.input.MouseEvents)
Scene2$sceneInit$10$1:
    public final void invoke(com.soywiz.korge.animate.Animator)
Scene2$sceneInit$10:
    public final java.lang.Object invoke(com.soywiz.korge.input.MouseEvents,kotlin.coroutines.Continuation)
Scene2$sceneInit$11$1:
    public final void invoke(com.soywiz.korge.animate.Animator)
Scene2$sceneInit$11:
    public final java.lang.Object invoke(com.soywiz.korge.input.MouseEvents,kotlin.coroutines.Continuation)
Scene2$sceneInit$2:
    public final void invoke-eeKXlv4(com.soywiz.korge.view.Container)
Scene2$sceneInit$3$1:
    public final java.lang.Object invoke(com.soywiz.korge.time.FrameBlock,kotlin.coroutines.Continuation)